<?xml version="1.0" encoding="UTF-8"?>
<coverage generated="1785081661237" clover="3.2.0">
  <project timestamp="1785081661238" name="All files">
    <metrics statements="109" coveredstatements="109" conditionals="49" coveredconditionals="49" methods="41" coveredmethods="41" elements="199" coveredelements="199" complexity="0" loc="109" ncloc="109" packages="1" files="1" classes="1"/>
    <file name="StudentDashboard.jsx" path="C:\Users\Rehan\student-performance-dashboard\src\StudentDashboard.jsx">
      <metrics statements="109" coveredstatements="109" conditionals="49" coveredconditionals="49" methods="41" coveredmethods="41"/>
      <line num="5" count="53" type="stmt"/>
      <line num="8" count="53" type="stmt"/>
      <line num="9" count="53" type="stmt"/>
      <line num="10" count="53" type="stmt"/>
      <line num="11" count="53" type="stmt"/>
      <line num="12" count="53" type="stmt"/>
      <line num="15" count="53" type="stmt"/>
      <line num="27" count="53" type="stmt"/>
      <line num="34" count="53" type="stmt"/>
      <line num="35" count="1" type="stmt"/>
      <line num="36" count="1" type="stmt"/>
      <line num="41" count="1" type="stmt"/>
      <line num="42" count="6" type="stmt"/>
      <line num="47" count="53" type="stmt"/>
      <line num="48" count="106" type="cond" truecount="2" falsecount="0"/>
      <line num="50" count="6" type="stmt"/>
      <line num="51" count="36" type="stmt"/>
      <line num="56" count="53" type="stmt"/>
      <line num="57" count="2" type="stmt"/>
      <line num="58" count="2" type="stmt"/>
      <line num="61" count="2" type="stmt"/>
      <line num="62" count="8" type="stmt"/>
      <line num="64" count="2" type="cond" truecount="2" falsecount="0"/>
      <line num="65" count="1" type="stmt"/>
      <line num="67" count="2" type="stmt"/>
      <line num="71" count="53" type="stmt"/>
      <line num="73" count="2" type="stmt"/>
      <line num="74" count="7" type="stmt"/>
      <line num="76" count="2" type="cond" truecount="2" falsecount="0"/>
      <line num="77" count="1" type="stmt"/>
      <line num="79" count="2" type="stmt"/>
      <line num="83" count="53" type="stmt"/>
      <line num="84" count="2" type="stmt"/>
      <line num="85" count="2" type="stmt"/>
      <line num="88" count="2" type="stmt"/>
      <line num="89" count="10" type="stmt"/>
      <line num="91" count="2" type="cond" truecount="2" falsecount="0"/>
      <line num="93" count="1" type="stmt"/>
      <line num="95" count="1" type="stmt"/>
      <line num="97" count="1" type="stmt"/>
      <line num="98" count="1" type="stmt"/>
      <line num="100" count="1" type="stmt"/>
      <line num="105" count="53" type="stmt"/>
      <line num="107" count="2" type="stmt"/>
      <line num="108" count="7" type="stmt"/>
      <line num="110" count="2" type="cond" truecount="2" falsecount="0"/>
      <line num="111" count="1" type="stmt"/>
      <line num="115" count="1" type="stmt"/>
      <line num="120" count="53" type="stmt"/>
      <line num="122" count="53" type="stmt"/>
      <line num="123" count="146" type="stmt"/>
      <line num="130" count="53" type="stmt"/>
      <line num="132" count="53" type="stmt"/>
      <line num="133" count="139" type="cond" truecount="2" falsecount="0"/>
      <line num="138" count="53" type="stmt"/>
      <line num="139" count="53" type="cond" truecount="2" falsecount="0"/>
      <line num="141" count="50" type="stmt"/>
      <line num="142" count="282" type="stmt"/>
      <line num="144" count="50" type="stmt"/>
      <line num="148" count="53" type="stmt"/>
      <line num="149" count="53" type="cond" truecount="2" falsecount="0"/>
      <line num="151" count="50" type="stmt"/>
      <line num="152" count="282" type="stmt"/>
      <line num="154" count="50" type="stmt"/>
      <line num="158" count="53" type="stmt"/>
      <line num="160" count="53" type="stmt"/>
      <line num="161" count="282" type="cond" truecount="2" falsecount="0"/>
      <line num="162" count="133" type="stmt"/>
      <line num="164" count="282" type="stmt"/>
      <line num="169" count="53" type="stmt"/>
      <line num="171" count="53" type="stmt"/>
      <line num="175" count="53" type="stmt"/>
      <line num="176" count="2" type="stmt"/>
      <line num="178" count="2" type="stmt"/>
      <line num="180" count="2" type="cond" truecount="2" falsecount="0"/>
      <line num="182" count="1" type="stmt"/>
      <line num="185" count="1" type="stmt"/>
      <line num="188" count="2" type="stmt"/>
      <line num="190" count="2" type="stmt"/>
      <line num="202" count="2" type="stmt"/>
      <line num="206" count="53" type="stmt"/>
      <line num="207" count="2" type="cond" truecount="2" falsecount="0"/>
      <line num="208" count="1" type="stmt"/>
      <line num="210" count="1" type="stmt"/>
      <line num="211" count="1" type="stmt"/>
      <line num="215" count="53" type="stmt"/>
      <line num="216" count="2" type="cond" truecount="2" falsecount="0"/>
      <line num="217" count="1" type="stmt"/>
      <line num="219" count="1" type="stmt"/>
      <line num="220" count="1" type="stmt"/>
      <line num="224" count="53" type="stmt"/>
      <line num="225" count="1" type="stmt"/>
      <line num="227" count="1" type="stmt"/>
      <line num="228" count="1" type="stmt"/>
      <line num="232" count="53" type="stmt"/>
      <line num="293" count="146" type="cond" truecount="2" falsecount="0"/>
      <line num="315" count="2" type="stmt"/>
      <line num="336" count="2" type="stmt"/>
      <line num="387" count="2" type="stmt"/>
      <line num="396" count="2" type="stmt"/>
      <line num="408" count="2" type="stmt"/>
      <line num="419" count="2" type="stmt"/>
      <line num="430" count="2" type="stmt"/>
      <line num="439" count="1" type="stmt"/>
      <line num="459" count="1" type="stmt"/>
      <line num="488" count="3" type="stmt"/>
      <line num="501" count="270" type="cond" truecount="2" falsecount="0"/>
      <line num="503" count="1" type="stmt"/>
      <line num="539" count="1" type="stmt"/>
    </file>
  </project>
</coverage>
