{"C:\\Users\\Rehan\\student-performance-dashboard\\src\\StudentDashboard.jsx": {"path":"C:\\Users\\Rehan\\student-performance-dashboard\\src\\StudentDashboard.jsx","statementMap":{"0":{"start":{"line":5,"column":34},"end":{"line":5,"column":null}},"1":{"start":{"line":8,"column":44},"end":{"line":8,"column":null}},"2":{"start":{"line":9,"column":42},"end":{"line":9,"column":null}},"3":{"start":{"line":10,"column":42},"end":{"line":10,"column":null}},"4":{"start":{"line":11,"column":54},"end":{"line":11,"column":null}},"5":{"start":{"line":12,"column":42},"end":{"line":12,"column":null}},"6":{"start":{"line":15,"column":38},"end":{"line":26,"column":null}},"7":{"start":{"line":27,"column":38},"end":{"line":27,"column":null}},"8":{"start":{"line":34,"column":8},"end":{"line":44,"column":null}},"9":{"start":{"line":35,"column":4},"end":{"line":35,"column":null}},"10":{"start":{"line":36,"column":4},"end":{"line":36,"column":null}},"11":{"start":{"line":41,"column":4},"end":{"line":43,"column":null}},"12":{"start":{"line":42,"column":6},"end":{"line":42,"column":null}},"13":{"start":{"line":47,"column":8},"end":{"line":53,"column":null}},"14":{"start":{"line":48,"column":4},"end":{"line":48,"column":null}},"15":{"start":{"line":48,"column":33},"end":{"line":48,"column":null}},"16":{"start":{"line":50,"column":4},"end":{"line":52,"column":null}},"17":{"start":{"line":51,"column":6},"end":{"line":51,"column":null}},"18":{"start":{"line":56,"column":8},"end":{"line":68,"column":null}},"19":{"start":{"line":57,"column":4},"end":{"line":57,"column":null}},"20":{"start":{"line":58,"column":23},"end":{"line":58,"column":null}},"21":{"start":{"line":61,"column":19},"end":{"line":63,"column":null}},"22":{"start":{"line":62,"column":6},"end":{"line":62,"column":null}},"23":{"start":{"line":64,"column":4},"end":{"line":66,"column":null}},"24":{"start":{"line":65,"column":6},"end":{"line":65,"column":null}},"25":{"start":{"line":67,"column":4},"end":{"line":67,"column":null}},"26":{"start":{"line":71,"column":8},"end":{"line":80,"column":null}},"27":{"start":{"line":73,"column":18},"end":{"line":75,"column":null}},"28":{"start":{"line":74,"column":6},"end":{"line":74,"column":null}},"29":{"start":{"line":76,"column":4},"end":{"line":78,"column":null}},"30":{"start":{"line":77,"column":6},"end":{"line":77,"column":null}},"31":{"start":{"line":79,"column":4},"end":{"line":79,"column":null}},"32":{"start":{"line":83,"column":8},"end":{"line":102,"column":null}},"33":{"start":{"line":84,"column":4},"end":{"line":84,"column":null}},"34":{"start":{"line":85,"column":23},"end":{"line":85,"column":null}},"35":{"start":{"line":88,"column":24},"end":{"line":90,"column":null}},"36":{"start":{"line":89,"column":6},"end":{"line":89,"column":null}},"37":{"start":{"line":91,"column":4},"end":{"line":101,"column":null}},"38":{"start":{"line":93,"column":30},"end":{"line":93,"column":null}},"39":{"start":{"line":95,"column":6},"end":{"line":95,"column":null}},"40":{"start":{"line":97,"column":6},"end":{"line":97,"column":null}},"41":{"start":{"line":98,"column":6},"end":{"line":98,"column":null}},"42":{"start":{"line":100,"column":6},"end":{"line":100,"column":null}},"43":{"start":{"line":105,"column":8},"end":{"line":117,"column":null}},"44":{"start":{"line":107,"column":18},"end":{"line":109,"column":null}},"45":{"start":{"line":108,"column":6},"end":{"line":108,"column":null}},"46":{"start":{"line":110,"column":4},"end":{"line":116,"column":null}},"47":{"start":{"line":111,"column":6},"end":{"line":113,"column":null}},"48":{"start":{"line":115,"column":6},"end":{"line":115,"column":null}},"49":{"start":{"line":120,"column":8},"end":{"line":127,"column":null}},"50":{"start":{"line":122,"column":4},"end":{"line":126,"column":null}},"51":{"start":{"line":123,"column":6},"end":{"line":124,"column":null}},"52":{"start":{"line":130,"column":8},"end":{"line":135,"column":null}},"53":{"start":{"line":132,"column":4},"end":{"line":134,"column":null}},"54":{"start":{"line":133,"column":6},"end":{"line":133,"column":null}},"55":{"start":{"line":138,"column":8},"end":{"line":145,"column":null}},"56":{"start":{"line":139,"column":4},"end":{"line":139,"column":null}},"57":{"start":{"line":139,"column":31},"end":{"line":139,"column":null}},"58":{"start":{"line":141,"column":22},"end":{"line":143,"column":null}},"59":{"start":{"line":142,"column":6},"end":{"line":142,"column":null}},"60":{"start":{"line":144,"column":4},"end":{"line":144,"column":null}},"61":{"start":{"line":148,"column":8},"end":{"line":155,"column":null}},"62":{"start":{"line":149,"column":4},"end":{"line":149,"column":null}},"63":{"start":{"line":149,"column":31},"end":{"line":149,"column":null}},"64":{"start":{"line":151,"column":25},"end":{"line":153,"column":null}},"65":{"start":{"line":152,"column":6},"end":{"line":152,"column":null}},"66":{"start":{"line":154,"column":4},"end":{"line":154,"column":null}},"67":{"start":{"line":158,"column":8},"end":{"line":166,"column":null}},"68":{"start":{"line":160,"column":4},"end":{"line":165,"column":null}},"69":{"start":{"line":161,"column":6},"end":{"line":163,"column":null}},"70":{"start":{"line":162,"column":8},"end":{"line":162,"column":null}},"71":{"start":{"line":164,"column":6},"end":{"line":164,"column":null}},"72":{"start":{"line":169,"column":8},"end":{"line":172,"column":null}},"73":{"start":{"line":171,"column":4},"end":{"line":171,"column":null}},"74":{"start":{"line":175,"column":8},"end":{"line":203,"column":null}},"75":{"start":{"line":176,"column":4},"end":{"line":176,"column":null}},"76":{"start":{"line":178,"column":24},"end":{"line":178,"column":null}},"77":{"start":{"line":180,"column":4},"end":{"line":186,"column":null}},"78":{"start":{"line":182,"column":6},"end":{"line":182,"column":null}},"79":{"start":{"line":185,"column":6},"end":{"line":185,"column":null}},"80":{"start":{"line":188,"column":4},"end":{"line":188,"column":null}},"81":{"start":{"line":190,"column":4},"end":{"line":201,"column":null}},"82":{"start":{"line":202,"column":4},"end":{"line":202,"column":null}},"83":{"start":{"line":206,"column":8},"end":{"line":212,"column":null}},"84":{"start":{"line":207,"column":4},"end":{"line":207,"column":null}},"85":{"start":{"line":207,"column":31},"end":{"line":207,"column":null}},"86":{"start":{"line":208,"column":24},"end":{"line":208,"column":null}},"87":{"start":{"line":210,"column":4},"end":{"line":210,"column":null}},"88":{"start":{"line":211,"column":4},"end":{"line":211,"column":null}},"89":{"start":{"line":215,"column":8},"end":{"line":221,"column":null}},"90":{"start":{"line":216,"column":4},"end":{"line":216,"column":null}},"91":{"start":{"line":216,"column":31},"end":{"line":216,"column":null}},"92":{"start":{"line":217,"column":24},"end":{"line":217,"column":null}},"93":{"start":{"line":219,"column":4},"end":{"line":219,"column":null}},"94":{"start":{"line":220,"column":4},"end":{"line":220,"column":null}},"95":{"start":{"line":224,"column":8},"end":{"line":229,"column":null}},"96":{"start":{"line":225,"column":24},"end":{"line":225,"column":null}},"97":{"start":{"line":227,"column":4},"end":{"line":227,"column":null}},"98":{"start":{"line":228,"column":4},"end":{"line":228,"column":null}},"99":{"start":{"line":232,"column":2},"end":{"line":534,"column":null}},"100":{"start":{"line":293,"column":12},"end":{"line":298,"column":null}},"101":{"start":{"line":315,"column":31},"end":{"line":315,"column":null}},"102":{"start":{"line":336,"column":31},"end":{"line":336,"column":null}},"103":{"start":{"line":387,"column":16},"end":{"line":387,"column":null}},"104":{"start":{"line":396,"column":16},"end":{"line":399,"column":null}},"105":{"start":{"line":408,"column":16},"end":{"line":411,"column":null}},"106":{"start":{"line":419,"column":16},"end":{"line":422,"column":null}},"107":{"start":{"line":430,"column":16},"end":{"line":433,"column":null}},"108":{"start":{"line":439,"column":16},"end":{"line":439,"column":null}},"109":{"start":{"line":459,"column":33},"end":{"line":459,"column":null}},"110":{"start":{"line":488,"column":31},"end":{"line":488,"column":null}},"111":{"start":{"line":501,"column":12},"end":{"line":530,"column":null}},"112":{"start":{"line":503,"column":31},"end":{"line":503,"column":null}},"113":{"start":{"line":539,"column":15},"end":{"line":666,"column":null}}},"fnMap":{"0":{"name":"StudentDashboard","decl":{"start":{"line":3,"column":24},"end":{"line":3,"column":41}},"loc":{"start":{"line":3,"column":68},"end":{"line":536,"column":null}},"line":3},"1":{"name":"(anonymous_1)","decl":{"start":{"line":34,"column":8},"end":{"line":34,"column":35}},"loc":{"start":{"line":34,"column":35},"end":{"line":44,"column":null}},"line":34},"2":{"name":"(anonymous_2)","decl":{"start":{"line":41,"column":13},"end":{"line":41,"column":22}},"loc":{"start":{"line":41,"column":34},"end":{"line":43,"column":5}},"line":41},"3":{"name":"(anonymous_3)","decl":{"start":{"line":47,"column":8},"end":{"line":47,"column":36}},"loc":{"start":{"line":47,"column":36},"end":{"line":53,"column":null}},"line":47},"4":{"name":"(anonymous_4)","decl":{"start":{"line":50,"column":20},"end":{"line":50,"column":28}},"loc":{"start":{"line":50,"column":40},"end":{"line":52,"column":5}},"line":50},"5":{"name":"(anonymous_5)","decl":{"start":{"line":56,"column":8},"end":{"line":56,"column":32}},"loc":{"start":{"line":56,"column":38},"end":{"line":68,"column":null}},"line":56},"6":{"name":"(anonymous_6)","decl":{"start":{"line":61,"column":28},"end":{"line":61,"column":34}},"loc":{"start":{"line":61,"column":46},"end":{"line":63,"column":5}},"line":61},"7":{"name":"(anonymous_7)","decl":{"start":{"line":71,"column":8},"end":{"line":71,"column":39}},"loc":{"start":{"line":71,"column":39},"end":{"line":80,"column":null}},"line":71},"8":{"name":"(anonymous_8)","decl":{"start":{"line":73,"column":27},"end":{"line":73,"column":37}},"loc":{"start":{"line":73,"column":49},"end":{"line":75,"column":5}},"line":73},"9":{"name":"(anonymous_9)","decl":{"start":{"line":83,"column":8},"end":{"line":83,"column":32}},"loc":{"start":{"line":83,"column":38},"end":{"line":102,"column":null}},"line":83},"10":{"name":"(anonymous_10)","decl":{"start":{"line":88,"column":33},"end":{"line":88,"column":44}},"loc":{"start":{"line":88,"column":56},"end":{"line":90,"column":5}},"line":88},"11":{"name":"(anonymous_11)","decl":{"start":{"line":105,"column":8},"end":{"line":105,"column":42}},"loc":{"start":{"line":105,"column":42},"end":{"line":117,"column":null}},"line":105},"12":{"name":"(anonymous_12)","decl":{"start":{"line":107,"column":27},"end":{"line":107,"column":42}},"loc":{"start":{"line":107,"column":54},"end":{"line":109,"column":5}},"line":107},"13":{"name":"(anonymous_13)","decl":{"start":{"line":120,"column":8},"end":{"line":120,"column":38}},"loc":{"start":{"line":120,"column":38},"end":{"line":127,"column":null}},"line":120},"14":{"name":"(anonymous_14)","decl":{"start":{"line":122,"column":20},"end":{"line":122,"column":26}},"loc":{"start":{"line":122,"column":38},"end":{"line":126,"column":5}},"line":122},"15":{"name":"(anonymous_15)","decl":{"start":{"line":130,"column":8},"end":{"line":130,"column":43}},"loc":{"start":{"line":130,"column":43},"end":{"line":135,"column":null}},"line":130},"16":{"name":"(anonymous_16)","decl":{"start":{"line":132,"column":20},"end":{"line":132,"column":27}},"loc":{"start":{"line":132,"column":39},"end":{"line":134,"column":5}},"line":132},"17":{"name":"(anonymous_17)","decl":{"start":{"line":138,"column":8},"end":{"line":138,"column":36}},"loc":{"start":{"line":138,"column":36},"end":{"line":145,"column":null}},"line":138},"18":{"name":"(anonymous_18)","decl":{"start":{"line":141,"column":31},"end":{"line":141,"column":39}},"loc":{"start":{"line":141,"column":56},"end":{"line":143,"column":7}},"line":141},"19":{"name":"(anonymous_19)","decl":{"start":{"line":148,"column":8},"end":{"line":148,"column":39}},"loc":{"start":{"line":148,"column":39},"end":{"line":155,"column":null}},"line":148},"20":{"name":"(anonymous_20)","decl":{"start":{"line":151,"column":34},"end":{"line":151,"column":42}},"loc":{"start":{"line":151,"column":59},"end":{"line":153,"column":7}},"line":151},"21":{"name":"(anonymous_21)","decl":{"start":{"line":158,"column":8},"end":{"line":158,"column":32}},"loc":{"start":{"line":158,"column":32},"end":{"line":166,"column":null}},"line":158},"22":{"name":"(anonymous_22)","decl":{"start":{"line":160,"column":20},"end":{"line":160,"column":28}},"loc":{"start":{"line":160,"column":45},"end":{"line":165,"column":7}},"line":160},"23":{"name":"(anonymous_23)","decl":{"start":{"line":169,"column":8},"end":{"line":169,"column":36}},"loc":{"start":{"line":169,"column":36},"end":{"line":172,"column":null}},"line":169},"24":{"name":"(anonymous_24)","decl":{"start":{"line":175,"column":8},"end":{"line":175,"column":28}},"loc":{"start":{"line":175,"column":34},"end":{"line":203,"column":null}},"line":175},"25":{"name":"(anonymous_25)","decl":{"start":{"line":206,"column":8},"end":{"line":206,"column":40}},"loc":{"start":{"line":206,"column":40},"end":{"line":212,"column":null}},"line":206},"26":{"name":"(anonymous_26)","decl":{"start":{"line":215,"column":8},"end":{"line":215,"column":41}},"loc":{"start":{"line":215,"column":41},"end":{"line":221,"column":null}},"line":215},"27":{"name":"(anonymous_27)","decl":{"start":{"line":224,"column":8},"end":{"line":224,"column":35}},"loc":{"start":{"line":224,"column":45},"end":{"line":229,"column":null}},"line":224},"28":{"name":"(anonymous_28)","decl":{"start":{"line":292,"column":33},"end":{"line":292,"column":38}},"loc":{"start":{"line":293,"column":12},"end":{"line":298,"column":null}},"line":293},"29":{"name":"(anonymous_29)","decl":{"start":{"line":315,"column":14},"end":{"line":315,"column":25}},"loc":{"start":{"line":315,"column":31},"end":{"line":315,"column":null}},"line":315},"30":{"name":"(anonymous_30)","decl":{"start":{"line":336,"column":14},"end":{"line":336,"column":25}},"loc":{"start":{"line":336,"column":31},"end":{"line":336,"column":null}},"line":336},"31":{"name":"(anonymous_31)","decl":{"start":{"line":386,"column":14},"end":{"line":386,"column":25}},"loc":{"start":{"line":387,"column":16},"end":{"line":387,"column":null}},"line":387},"32":{"name":"(anonymous_32)","decl":{"start":{"line":395,"column":14},"end":{"line":395,"column":25}},"loc":{"start":{"line":396,"column":16},"end":{"line":399,"column":null}},"line":396},"33":{"name":"(anonymous_33)","decl":{"start":{"line":407,"column":14},"end":{"line":407,"column":25}},"loc":{"start":{"line":408,"column":16},"end":{"line":411,"column":null}},"line":408},"34":{"name":"(anonymous_34)","decl":{"start":{"line":418,"column":14},"end":{"line":418,"column":25}},"loc":{"start":{"line":419,"column":16},"end":{"line":422,"column":null}},"line":419},"35":{"name":"(anonymous_35)","decl":{"start":{"line":429,"column":14},"end":{"line":429,"column":25}},"loc":{"start":{"line":430,"column":16},"end":{"line":433,"column":null}},"line":430},"36":{"name":"(anonymous_36)","decl":{"start":{"line":438,"column":14},"end":{"line":438,"column":25}},"loc":{"start":{"line":439,"column":16},"end":{"line":439,"column":null}},"line":439},"37":{"name":"(anonymous_37)","decl":{"start":{"line":459,"column":16},"end":{"line":459,"column":27}},"loc":{"start":{"line":459,"column":33},"end":{"line":459,"column":null}},"line":459},"38":{"name":"(anonymous_38)","decl":{"start":{"line":488,"column":14},"end":{"line":488,"column":25}},"loc":{"start":{"line":488,"column":31},"end":{"line":488,"column":null}},"line":488},"39":{"name":"(anonymous_39)","decl":{"start":{"line":500,"column":33},"end":{"line":500,"column":38}},"loc":{"start":{"line":501,"column":12},"end":{"line":530,"column":null}},"line":501},"40":{"name":"(anonymous_40)","decl":{"start":{"line":503,"column":16},"end":{"line":503,"column":31}},"loc":{"start":{"line":503,"column":31},"end":{"line":503,"column":null}},"line":503}},"branchMap":{"0":{"loc":{"start":{"line":48,"column":4},"end":{"line":48,"column":null}},"type":"if","locations":[{"start":{"line":48,"column":4},"end":{"line":48,"column":null}},{"start":{},"end":{}}],"line":48},"1":{"loc":{"start":{"line":64,"column":4},"end":{"line":66,"column":null}},"type":"if","locations":[{"start":{"line":64,"column":4},"end":{"line":66,"column":null}},{"start":{},"end":{}}],"line":64},"2":{"loc":{"start":{"line":76,"column":4},"end":{"line":78,"column":null}},"type":"if","locations":[{"start":{"line":76,"column":4},"end":{"line":78,"column":null}},{"start":{},"end":{}}],"line":76},"3":{"loc":{"start":{"line":91,"column":4},"end":{"line":101,"column":null}},"type":"if","locations":[{"start":{"line":91,"column":4},"end":{"line":101,"column":null}},{"start":{"line":99,"column":11},"end":{"line":101,"column":null}}],"line":91},"4":{"loc":{"start":{"line":110,"column":4},"end":{"line":116,"column":null}},"type":"if","locations":[{"start":{"line":110,"column":4},"end":{"line":116,"column":null}},{"start":{"line":114,"column":11},"end":{"line":116,"column":null}}],"line":110},"5":{"loc":{"start":{"line":124,"column":8},"end":{"line":124,"column":null}},"type":"binary-expr","locations":[{"start":{"line":124,"column":8},"end":{"line":124,"column":34}},{"start":{"line":124,"column":34},"end":{"line":124,"column":58}},{"start":{"line":124,"column":58},"end":{"line":124,"column":null}}],"line":124},"6":{"loc":{"start":{"line":133,"column":13},"end":{"line":133,"column":null}},"type":"binary-expr","locations":[{"start":{"line":133,"column":13},"end":{"line":133,"column":38}},{"start":{"line":133,"column":38},"end":{"line":133,"column":null}}],"line":133},"7":{"loc":{"start":{"line":139,"column":4},"end":{"line":139,"column":null}},"type":"if","locations":[{"start":{"line":139,"column":4},"end":{"line":139,"column":null}},{"start":{},"end":{}}],"line":139},"8":{"loc":{"start":{"line":149,"column":4},"end":{"line":149,"column":null}},"type":"if","locations":[{"start":{"line":149,"column":4},"end":{"line":149,"column":null}},{"start":{},"end":{}}],"line":149},"9":{"loc":{"start":{"line":161,"column":6},"end":{"line":163,"column":null}},"type":"if","locations":[{"start":{"line":161,"column":6},"end":{"line":163,"column":null}},{"start":{},"end":{}}],"line":161},"10":{"loc":{"start":{"line":180,"column":4},"end":{"line":186,"column":null}},"type":"if","locations":[{"start":{"line":180,"column":4},"end":{"line":186,"column":null}},{"start":{"line":183,"column":11},"end":{"line":186,"column":null}}],"line":180},"11":{"loc":{"start":{"line":207,"column":4},"end":{"line":207,"column":null}},"type":"if","locations":[{"start":{"line":207,"column":4},"end":{"line":207,"column":null}},{"start":{},"end":{}}],"line":207},"12":{"loc":{"start":{"line":216,"column":4},"end":{"line":216,"column":null}},"type":"if","locations":[{"start":{"line":216,"column":4},"end":{"line":216,"column":null}},{"start":{},"end":{}}],"line":216},"13":{"loc":{"start":{"line":243,"column":9},"end":{"line":255,"column":36}},"type":"binary-expr","locations":[{"start":{"line":243,"column":9},"end":{"line":243,"column":null}},{"start":{"line":244,"column":10},"end":{"line":255,"column":36}}],"line":243},"14":{"loc":{"start":{"line":255,"column":9},"end":{"line":267,"column":null}},"type":"binary-expr","locations":[{"start":{"line":255,"column":9},"end":{"line":255,"column":null}},{"start":{"line":256,"column":10},"end":{"line":267,"column":null}}],"line":255},"15":{"loc":{"start":{"line":293,"column":22},"end":{"line":293,"column":44}},"type":"binary-expr","locations":[{"start":{"line":293,"column":22},"end":{"line":293,"column":39}},{"start":{"line":293,"column":39},"end":{"line":293,"column":44}}],"line":293},"16":{"loc":{"start":{"line":321,"column":11},"end":{"line":325,"column":null}},"type":"binary-expr","locations":[{"start":{"line":321,"column":11},"end":{"line":321,"column":null}},{"start":{"line":322,"column":12},"end":{"line":325,"column":null}}],"line":321},"17":{"loc":{"start":{"line":359,"column":11},"end":{"line":364,"column":null}},"type":"binary-expr","locations":[{"start":{"line":359,"column":11},"end":{"line":359,"column":null}},{"start":{"line":360,"column":12},"end":{"line":364,"column":null}}],"line":359},"18":{"loc":{"start":{"line":394,"column":21},"end":{"line":394,"column":null}},"type":"binary-expr","locations":[{"start":{"line":394,"column":21},"end":{"line":394,"column":47}},{"start":{"line":394,"column":47},"end":{"line":394,"column":null}}],"line":394},"19":{"loc":{"start":{"line":406,"column":21},"end":{"line":406,"column":null}},"type":"binary-expr","locations":[{"start":{"line":406,"column":21},"end":{"line":406,"column":40}},{"start":{"line":406,"column":40},"end":{"line":406,"column":null}}],"line":406},"20":{"loc":{"start":{"line":417,"column":21},"end":{"line":417,"column":null}},"type":"binary-expr","locations":[{"start":{"line":417,"column":21},"end":{"line":417,"column":43}},{"start":{"line":417,"column":43},"end":{"line":417,"column":null}}],"line":417},"21":{"loc":{"start":{"line":428,"column":21},"end":{"line":428,"column":null}},"type":"binary-expr","locations":[{"start":{"line":428,"column":21},"end":{"line":428,"column":45}},{"start":{"line":428,"column":45},"end":{"line":428,"column":null}}],"line":428},"22":{"loc":{"start":{"line":472,"column":15},"end":{"line":472,"column":null}},"type":"cond-expr","locations":[{"start":{"line":472,"column":28},"end":{"line":472,"column":59}},{"start":{"line":472,"column":59},"end":{"line":472,"column":null}}],"line":472},"23":{"loc":{"start":{"line":501,"column":22},"end":{"line":501,"column":52}},"type":"binary-expr","locations":[{"start":{"line":501,"column":22},"end":{"line":501,"column":45}},{"start":{"line":501,"column":45},"end":{"line":501,"column":52}}],"line":501}},"s":{"0":53,"1":53,"2":53,"3":53,"4":53,"5":53,"6":53,"7":53,"8":53,"9":1,"10":1,"11":1,"12":6,"13":53,"14":106,"15":100,"16":6,"17":36,"18":53,"19":2,"20":2,"21":2,"22":8,"23":2,"24":1,"25":2,"26":53,"27":2,"28":7,"29":2,"30":1,"31":2,"32":53,"33":2,"34":2,"35":2,"36":10,"37":2,"38":1,"39":1,"40":1,"41":1,"42":1,"43":53,"44":2,"45":7,"46":2,"47":1,"48":1,"49":53,"50":53,"51":146,"52":53,"53":53,"54":139,"55":53,"56":53,"57":3,"58":50,"59":282,"60":50,"61":53,"62":53,"63":3,"64":50,"65":282,"66":50,"67":53,"68":53,"69":282,"70":133,"71":282,"72":53,"73":53,"74":53,"75":2,"76":2,"77":2,"78":1,"79":1,"80":2,"81":2,"82":2,"83":53,"84":2,"85":1,"86":1,"87":1,"88":1,"89":53,"90":2,"91":1,"92":1,"93":1,"94":1,"95":53,"96":1,"97":1,"98":1,"99":53,"100":146,"101":2,"102":2,"103":2,"104":2,"105":2,"106":2,"107":2,"108":1,"109":1,"110":3,"111":270,"112":1,"113":1},"f":{"0":53,"1":1,"2":6,"3":106,"4":36,"5":2,"6":8,"7":2,"8":7,"9":2,"10":10,"11":2,"12":7,"13":53,"14":146,"15":53,"16":139,"17":53,"18":282,"19":53,"20":282,"21":53,"22":282,"23":53,"24":2,"25":2,"26":2,"27":1,"28":146,"29":2,"30":2,"31":2,"32":2,"33":2,"34":2,"35":2,"36":1,"37":1,"38":3,"39":270,"40":1},"b":{"0":[100,6],"1":[1,1],"2":[1,1],"3":[1,1],"4":[1,1],"5":[146,101,101],"6":[139,92],"7":[3,50],"8":[3,50],"9":[133,149],"10":[1,1],"11":[1,1],"12":[1,1],"13":[53,47],"14":[53,4],"15":[146,8],"16":[53,1],"17":[53,1],"18":[53,43],"19":[53,45],"20":[53,47],"21":[53,49],"22":[1,52],"23":[270,8]},"meta":{"lastBranch":24,"lastFunction":41,"lastStatement":114,"seen":{"f:3:24:3:41":0,"s:5:34:5:Infinity":0,"s:8:44:8:Infinity":1,"s:9:42:9:Infinity":2,"s:10:42:10:Infinity":3,"s:11:54:11:Infinity":4,"s:12:42:12:Infinity":5,"s:15:38:26:Infinity":6,"s:27:38:27:Infinity":7,"s:34:8:44:Infinity":8,"f:34:8:34:35":1,"s:35:4:35:Infinity":9,"s:36:4:36:Infinity":10,"s:41:4:43:Infinity":11,"f:41:13:41:22":2,"s:42:6:42:Infinity":12,"s:47:8:53:Infinity":13,"f:47:8:47:36":3,"b:48:4:48:Infinity:undefined:undefined:undefined:undefined":0,"s:48:4:48:Infinity":14,"s:48:33:48:Infinity":15,"s:50:4:52:Infinity":16,"f:50:20:50:28":4,"s:51:6:51:Infinity":17,"s:56:8:68:Infinity":18,"f:56:8:56:32":5,"s:57:4:57:Infinity":19,"s:58:23:58:Infinity":20,"s:61:19:63:Infinity":21,"f:61:28:61:34":6,"s:62:6:62:Infinity":22,"b:64:4:66:Infinity:undefined:undefined:undefined:undefined":1,"s:64:4:66:Infinity":23,"s:65:6:65:Infinity":24,"s:67:4:67:Infinity":25,"s:71:8:80:Infinity":26,"f:71:8:71:39":7,"s:73:18:75:Infinity":27,"f:73:27:73:37":8,"s:74:6:74:Infinity":28,"b:76:4:78:Infinity:undefined:undefined:undefined:undefined":2,"s:76:4:78:Infinity":29,"s:77:6:77:Infinity":30,"s:79:4:79:Infinity":31,"s:83:8:102:Infinity":32,"f:83:8:83:32":9,"s:84:4:84:Infinity":33,"s:85:23:85:Infinity":34,"s:88:24:90:Infinity":35,"f:88:33:88:44":10,"s:89:6:89:Infinity":36,"b:91:4:101:Infinity:99:11:101:Infinity":3,"s:91:4:101:Infinity":37,"s:93:30:93:Infinity":38,"s:95:6:95:Infinity":39,"s:97:6:97:Infinity":40,"s:98:6:98:Infinity":41,"s:100:6:100:Infinity":42,"s:105:8:117:Infinity":43,"f:105:8:105:42":11,"s:107:18:109:Infinity":44,"f:107:27:107:42":12,"s:108:6:108:Infinity":45,"b:110:4:116:Infinity:114:11:116:Infinity":4,"s:110:4:116:Infinity":46,"s:111:6:113:Infinity":47,"s:115:6:115:Infinity":48,"s:120:8:127:Infinity":49,"f:120:8:120:38":13,"s:122:4:126:Infinity":50,"f:122:20:122:26":14,"s:123:6:124:Infinity":51,"b:124:8:124:34:124:34:124:58:124:58:124:Infinity":5,"s:130:8:135:Infinity":52,"f:130:8:130:43":15,"s:132:4:134:Infinity":53,"f:132:20:132:27":16,"s:133:6:133:Infinity":54,"b:133:13:133:38:133:38:133:Infinity":6,"s:138:8:145:Infinity":55,"f:138:8:138:36":17,"b:139:4:139:Infinity:undefined:undefined:undefined:undefined":7,"s:139:4:139:Infinity":56,"s:139:31:139:Infinity":57,"s:141:22:143:Infinity":58,"f:141:31:141:39":18,"s:142:6:142:Infinity":59,"s:144:4:144:Infinity":60,"s:148:8:155:Infinity":61,"f:148:8:148:39":19,"b:149:4:149:Infinity:undefined:undefined:undefined:undefined":8,"s:149:4:149:Infinity":62,"s:149:31:149:Infinity":63,"s:151:25:153:Infinity":64,"f:151:34:151:42":20,"s:152:6:152:Infinity":65,"s:154:4:154:Infinity":66,"s:158:8:166:Infinity":67,"f:158:8:158:32":21,"s:160:4:165:Infinity":68,"f:160:20:160:28":22,"b:161:6:163:Infinity:undefined:undefined:undefined:undefined":9,"s:161:6:163:Infinity":69,"s:162:8:162:Infinity":70,"s:164:6:164:Infinity":71,"s:169:8:172:Infinity":72,"f:169:8:169:36":23,"s:171:4:171:Infinity":73,"s:175:8:203:Infinity":74,"f:175:8:175:28":24,"s:176:4:176:Infinity":75,"s:178:24:178:Infinity":76,"b:180:4:186:Infinity:183:11:186:Infinity":10,"s:180:4:186:Infinity":77,"s:182:6:182:Infinity":78,"s:185:6:185:Infinity":79,"s:188:4:188:Infinity":80,"s:190:4:201:Infinity":81,"s:202:4:202:Infinity":82,"s:206:8:212:Infinity":83,"f:206:8:206:40":25,"b:207:4:207:Infinity:undefined:undefined:undefined:undefined":11,"s:207:4:207:Infinity":84,"s:207:31:207:Infinity":85,"s:208:24:208:Infinity":86,"s:210:4:210:Infinity":87,"s:211:4:211:Infinity":88,"s:215:8:221:Infinity":89,"f:215:8:215:41":26,"b:216:4:216:Infinity:undefined:undefined:undefined:undefined":12,"s:216:4:216:Infinity":90,"s:216:31:216:Infinity":91,"s:217:24:217:Infinity":92,"s:219:4:219:Infinity":93,"s:220:4:220:Infinity":94,"s:224:8:229:Infinity":95,"f:224:8:224:35":27,"s:225:24:225:Infinity":96,"s:227:4:227:Infinity":97,"s:228:4:228:Infinity":98,"s:232:2:534:Infinity":99,"b:243:9:243:Infinity:244:10:255:36":13,"b:255:9:255:Infinity:256:10:267:Infinity":14,"f:292:33:292:38":28,"s:293:12:298:Infinity":100,"b:293:22:293:39:293:39:293:44":15,"f:315:14:315:25":29,"s:315:31:315:Infinity":101,"b:321:11:321:Infinity:322:12:325:Infinity":16,"f:336:14:336:25":30,"s:336:31:336:Infinity":102,"b:359:11:359:Infinity:360:12:364:Infinity":17,"f:386:14:386:25":31,"s:387:16:387:Infinity":103,"b:394:21:394:47:394:47:394:Infinity":18,"f:395:14:395:25":32,"s:396:16:399:Infinity":104,"b:406:21:406:40:406:40:406:Infinity":19,"f:407:14:407:25":33,"s:408:16:411:Infinity":105,"b:417:21:417:43:417:43:417:Infinity":20,"f:418:14:418:25":34,"s:419:16:422:Infinity":106,"b:428:21:428:45:428:45:428:Infinity":21,"f:429:14:429:25":35,"s:430:16:433:Infinity":107,"f:438:14:438:25":36,"s:439:16:439:Infinity":108,"f:459:16:459:27":37,"s:459:33:459:Infinity":109,"b:472:28:472:59:472:59:472:Infinity":22,"f:488:14:488:25":38,"s:488:31:488:Infinity":110,"f:500:33:500:38":39,"s:501:12:530:Infinity":111,"f:503:16:503:31":40,"s:503:31:503:Infinity":112,"b:501:22:501:45:501:45:501:52":23,"s:539:15:666:Infinity":113},"fnNames":{}}}
}
